<?xml version="1.0" encoding="UTF-8"?>
<!-- Generated by org.testng.reporters.JUnitXMLReporter -->
<testsuite ignored="3" hostname="DESKTOP-ASR8RJ6" failures="0" tests="1" name="GRP-Regression" time="0.061" errors="0" timestamp="2024-04-13T12:51:33 IST">
  <testcase classname="ui.GroupDemoTest" name="aTest1" time="0.016"/>
  <testcase classname="ui.GroupDemoTest" name="aTest3" time="0.0">
    <ignored/>
  </testcase> <!-- aTest3 -->
  <testcase classname="ui.GroupDemoTest" name="aTest4" time="0.0">
    <ignored/>
  </testcase> <!-- aTest4 -->
  <testcase classname="ui.GroupDemoTest" name="aTest2" time="0.0">
    <ignored/>
  </testcase> <!-- aTest2 -->
</testsuite> <!-- GRP-Regression -->
