<?xml version="1.0" encoding="UTF-8"?>
<!-- Generated by org.testng.reporters.JUnitXMLReporter -->
<testsuite ignored="0" hostname="DESKTOP-ASR8RJ6" failures="0" tests="4" name="GRP-bvt,Regression" time="0.088" errors="0" timestamp="2024-04-13T12:52:04 IST">
  <testcase classname="ui.GroupDemoTest" name="aTest1" time="0.015"/>
  <testcase classname="ui.GroupDemoTest" name="aTest2" time="0.002"/>
  <testcase classname="ui.GroupDemoTest" name="aTest3" time="0.002"/>
  <testcase classname="ui.GroupDemoTest" name="aTest4" time="0.002"/>
</testsuite> <!-- GRP-bvt,Regression -->
