<?xml version="1.0" encoding="UTF-8"?>
<!-- Generated by org.testng.reporters.JUnitXMLReporter -->
<testsuite ignored="0" hostname="DESKTOP-ASR8RJ6" failures="0" tests="4" name="GRP-User-reg" time="0.09" errors="0" timestamp="2024-04-13T12:59:19 IST">
  <testcase classname="ui.GroupDemoTest" name="aTest1" time="0.013"/>
  <testcase classname="ui.GroupDemoTest" name="aTest2" time="0.003"/>
  <testcase classname="ui.GroupDemoTest" name="aTest3" time="0.003"/>
  <testcase classname="ui.GroupDemoTest" name="aTest4" time="0.002"/>
</testsuite> <!-- GRP-User-reg -->
