<?xml version="1.0" encoding="UTF-8"?>
<!-- Generated by org.testng.reporters.JUnitXMLReporter -->
<testsuite ignored="0" hostname="DESKTOP-ASR8RJ6" failures="0" tests="8" name="TestSuite" time="10.085" errors="0" timestamp="2024-04-13T13:58:26 IST">
  <testcase classname="ui.VerifyTitleandTextTest" name="titleTest" time="5.469"/>
  <testcase classname="ui.LoginTest" name="bloginTest" time="0.002"/>
  <testcase classname="ui.LoginTest" name="alogOut" time="0.001"/>
  <testcase classname="ui.VerifyTitleTest" name="titleTest" time="4.498"/>
  <testcase classname="ui.GroupDemoTest" name="aTest1" time="0.003"/>
  <testcase classname="ui.GroupDemoTest" name="aTest2" time="0.005"/>
  <testcase classname="ui.GroupDemoTest" name="aTest3" time="0.001"/>
  <testcase classname="ui.GroupDemoTest" name="aTest4" time="0.001"/>
</testsuite> <!-- TestSuite -->
